\BOOKMARK [1][-]{section.1}{Introduction}{}% 1
\BOOKMARK [2][-]{subsection.1.1}{Purpose}{section.1}% 2
\BOOKMARK [2][-]{subsection.1.2}{Thesis outline}{section.1}% 3
\BOOKMARK [1][-]{section.2}{Preliminaries}{}% 4
\BOOKMARK [2][-]{subsection.2.1}{Optimization}{section.2}% 5
\BOOKMARK [3][-]{subsubsection.2.1.1}{Cost function}{subsection.2.1}% 6
\BOOKMARK [2][-]{subsection.2.2}{Machine Learning}{section.2}% 7
\BOOKMARK [3][-]{subsubsection.2.2.1}{Dimensionalty Reduction}{subsection.2.2}% 8
\BOOKMARK [3][-]{subsubsection.2.2.2}{Deep Learning}{subsection.2.2}% 9
\BOOKMARK [2][-]{subsection.2.3}{Artificial Neural Networks}{section.2}% 10
\BOOKMARK [3][-]{subsubsection.2.3.1}{Perceptron}{subsection.2.3}% 11
\BOOKMARK [3][-]{subsubsection.2.3.2}{Autoencoder}{subsection.2.3}% 12
\BOOKMARK [3][-]{subsubsection.2.3.3}{Sparse Coding and the connection to Neural Networks}{subsection.2.3}% 13
\BOOKMARK [3][-]{subsubsection.2.3.4}{Local Codes}{subsection.2.3}% 14
\BOOKMARK [3][-]{subsubsection.2.3.5}{Dense Distributed Codes}{subsection.2.3}% 15
\BOOKMARK [3][-]{subsubsection.2.3.6}{Sparse Codes}{subsection.2.3}% 16
\BOOKMARK [3][-]{subsubsection.2.3.7}{Sparse Coding}{subsection.2.3}% 17
\BOOKMARK [3][-]{subsubsection.2.3.8}{Non-Negative Sparse Coding}{subsection.2.3}% 18
\BOOKMARK [1][-]{section.3}{Problem Definition}{}% 19
\BOOKMARK [2][-]{subsection.3.1}{Solution}{section.3}% 20
\BOOKMARK [1][-]{section.4}{Fabrication}{}% 21
\BOOKMARK [2][-]{subsection.4.1}{Dataset}{section.4}% 22
\BOOKMARK [2][-]{subsection.4.2}{Data pre-processing}{section.4}% 23
\BOOKMARK [2][-]{subsection.4.3}{Discriminative Disaggregation via Sparse Coding}{section.4}% 24
\BOOKMARK [3][-]{subsubsection.4.3.1}{Structured prediction for Discriminative Disaggregation Sparse Coding}{subsection.4.3}% 25
\BOOKMARK [2][-]{subsection.4.4}{Implementation}{section.4}% 26
\BOOKMARK [2][-]{subsection.4.5}{Implemented Algorithms}{section.4}% 27
\BOOKMARK [3][-]{subsubsection.4.5.1}{Non-Negative Sparse-Coding}{subsection.4.5}% 28
\BOOKMARK [3][-]{subsubsection.4.5.2}{Discriminative Disaggregation via Sparse Coding}{subsection.4.5}% 29
\BOOKMARK [1][-]{section.5}{Results}{}% 30
\BOOKMARK [2][-]{subsection.5.1}{Experimental setup}{section.5}% 31
\BOOKMARK [2][-]{subsection.5.2}{Evaluation of algorithm}{section.5}% 32
\BOOKMARK [3][-]{subsubsection.5.2.1}{Results from the complete dataset}{subsection.5.2}% 33
\BOOKMARK [3][-]{subsubsection.5.2.2}{Results from weekdays and weekend hourly readings}{subsection.5.2}% 34
\BOOKMARK [3][-]{subsubsection.5.2.3}{Basis functions}{subsection.5.2}% 35
\BOOKMARK [2][-]{subsection.5.3}{Quantitative evaluation of the Disaggregation}{section.5}% 36
\BOOKMARK [1][-]{section.6}{Conclusions and Open Questions}{}% 37
\BOOKMARK [2][-]{subsection.6.1}{Energy Disaggregation results}{section.6}% 38
\BOOKMARK [2][-]{subsection.6.2}{Algorithm}{section.6}% 39
\BOOKMARK [3][-]{subsubsection.6.2.1}{Extensions}{subsection.6.2}% 40
\BOOKMARK [2][-]{subsection.6.3}{Dataset}{section.6}% 41
\BOOKMARK [2][-]{subsection.6.4}{Temporal difference}{section.6}% 42
\BOOKMARK [2][-]{subsection.6.5}{Future research}{section.6}% 43
\BOOKMARK [3][-]{subsubsection.6.5.1}{Hyper-parameter Optimization}{subsection.6.5}% 44
\BOOKMARK [3][-]{subsubsection.6.5.2}{Autoencoders}{subsection.6.5}% 45
\BOOKMARK [3][-]{subsubsection.6.5.3}{Block Coordinate Update}{subsection.6.5}% 46
\BOOKMARK [3][-]{subsubsection.6.5.4}{Dropout}{subsection.6.5}% 47
\BOOKMARK [2][-]{subsection.6.6}{Final words, Open questions}{section.6}% 48
\BOOKMARK [1][-]{section*.23}{References}{}% 49
\BOOKMARK [1][-]{section.7}{Appendix}{}% 50
\BOOKMARK [2][-]{subsection.7.1}{Source Code for Utility Functions}{section.7}% 51
\BOOKMARK [2][-]{subsection.7.2}{Source Code for Non-Negative Sparse Coding}{section.7}% 52
\BOOKMARK [2][-]{subsection.7.3}{Source Code for Discriminative Disaggregation}{section.7}% 53
